<?xml version="1.0" encoding="UTF-8"?>
<!-- Generated by org.testng.reporters.JUnitXMLReporter -->
<testsuite ignored="0" hostname="LAPTOP-C4MU8N3S" failures="0" tests="1" name=" chrome browser" time="0.103" errors="0" timestamp="2023-04-11T18:28:22 EDT">
  <testcase classname="Config.TestingCode.Base" name="@BeforeMethod beforeMethod" time="-1.681252102011E9">
    <failure type="org.testng.TestNGException" message="
Method beforeMethod requires 2 parameters but 1 were supplied in the BeforeMethod annotation.">
      <![CDATA[org.testng.TestNGException: 
Method beforeMethod requires 2 parameters but 1 were supplied in the BeforeMethod annotation.
at java.base/java.util.ArrayList.forEach(ArrayList.java:1511)
... Removed 28 stack frames]]>
    </failure>
  </testcase> <!-- @BeforeMethod beforeMethod -->
  <testcase classname="Config.TestingCode.Base" name="@AfterMethod afterMethod" time="-1.681252102038E9">
    <skipped/>
  </testcase> <!-- @AfterMethod afterMethod -->
  <testcase classname="Config.TestingCode.NewTest95" name="f1" time="0.0">
    <skipped/>
  </testcase> <!-- f1 -->
</testsuite> <!--  chrome browser -->
